<?xml version="1.0" encoding="UTF-8"?>
<!-- Generated by org.testng.reporters.JUnitXMLReporter -->
<testsuite ignored="7" hostname="PrashuBunny" failures="0" tests="1" name="Default test" time="3.647" errors="0" timestamp="2024-11-22T04:20:28 EST">
  <testcase classname="myTests.SeleniumInterviewPrepScenarios" name="handleSSLErrorTest" time="0.699"/>
  <testcase classname="myTests.SeleniumInterviewPrepScenarios" name="dynamicWebElementsTest" time="0.0">
    <ignored/>
  </testcase> <!-- dynamicWebElementsTest -->
  <testcase classname="myTests.SeleniumInterviewPrepScenarios" name="takesScreenshotTest" time="0.0">
    <ignored/>
  </testcase> <!-- takesScreenshotTest -->
  <testcase classname="myTests.SeleniumInterviewPrepScenarios" name="youtubeVideoPlayTest" time="0.0">
    <ignored/>
  </testcase> <!-- youtubeVideoPlayTest -->
  <testcase classname="myTests.SeleniumInterviewPrepScenarios" name="getAllLinksInaWebPageTest" time="0.0">
    <ignored/>
  </testcase> <!-- getAllLinksInaWebPageTest -->
  <testcase classname="myTests.SeleniumInterviewPrepScenarios" name="incognitoModeTest" time="0.0">
    <ignored/>
  </testcase> <!-- incognitoModeTest -->
  <testcase classname="myTests.SeleniumInterviewPrepScenarios" name="windowHandlesTest" time="0.0">
    <ignored/>
  </testcase> <!-- windowHandlesTest -->
  <testcase classname="myTests.SeleniumInterviewPrepScenarios" name="softAssertionTest" time="0.0">
    <ignored/>
  </testcase> <!-- softAssertionTest -->
</testsuite> <!-- Default test -->
